// Add new algorithm visualizations 1755015619
// Improve Dijkstra demo speed 1755015619
// Enhance algorithm quiz mode 1755094772
// Add graph traversal examples 1755094772
// Add binary search illustration 1755094772
// Improve Dijkstra demo speed 1755094772
// Improve Dijkstra demo speed 1755094772
// Improve Dijkstra demo speed 1755094772
// Improve Dijkstra demo speed 1755181141
// Improve sorting animations 1755181141
// Add new algorithm visualizations 1755181141
// Refactor Telegram bot commands 1755181141
// Improve Dijkstra demo speed 1755181141
// Update algorithm explanations 1755181141
// Add graph traversal examples 1755181141
// Improve Dijkstra demo speed 1755181141
// Add binary search illustration 1755181141
// Add new algorithm visualizations 1755181141
// Add graph traversal examples 1755216734
// Add new algorithm visualizations 1755216734
// Add binary search illustration 1755216734
// Add new algorithm visualizations 1755267512
// Add new algorithm visualizations 1755267512
// Fix incorrect step rendering 1755267512
// Enhance algorithm quiz mode 1755267512
// Update algorithm explanations 1755267512
// Refactor command parsing 1755267512
// Add binary search illustration 1755267512
// Add new algorithm visualizations 1755267513
// Enhance algorithm quiz mode 1755267513
// Add graph traversal examples 1755267513
// Add graph traversal examples 1755353757
// Add graph traversal examples 1755353757
// Add graph traversal examples 1755353757
// Refactor Telegram bot commands 1755353757
// Refactor Telegram bot commands 1755353757
// Enhance algorithm quiz mode 1755353757
// Add graph traversal examples 1755440186
// Update algorithm explanations 1755440186
// Refactor command parsing 1755440186
// Add binary search illustration 1755440186
// Update algorithm explanations 1755440186
// Add new algorithm visualizations 1755440186
// Update algorithm explanations 1755440186
// Refactor command parsing 1755526809
// Refactor Telegram bot commands 1755526809
// Add new algorithm visualizations 1755526809
// Add new algorithm visualizations 1755526809
// Add binary search illustration 1755526809
// Refactor command parsing 1755526809
// Fix incorrect step rendering 1755526809
// Refactor Telegram bot commands 1755613104
// Improve Dijkstra demo speed 1755613104
// Add binary search illustration 1755613104
// Improve Dijkstra demo speed 1755613104
// Update algorithm explanations 1755613104
// Add binary search illustration 1755613105
// Improve sorting animations 1755613105
// Improve sorting animations 1755613105
// Refactor Telegram bot commands 1755613105
// Improve sorting animations 1755613105
// Add new algorithm visualizations 1755699550
// Improve Dijkstra demo speed 1755699550
// Update algorithm explanations 1755699550
// Update algorithm explanations 1755699550
// Update algorithm explanations 1755699550
// Add graph traversal examples 1755785927
// Update algorithm explanations 1755785927
// Refactor Telegram bot commands 1755785927
// Update algorithm explanations 1755785927
// Add new algorithm visualizations 1755785927
// Add graph traversal examples 1755785927
// Fix incorrect step rendering 1755785927
// Update algorithm explanations 1755872284
// Add graph traversal examples 1755872284
// Add binary search illustration 1755872284
// Enhance algorithm quiz mode 1755958506
// Refactor command parsing 1755958506
// Enhance algorithm quiz mode 1755958506
// Improve sorting animations 1755958506
// Fix incorrect step rendering 1755958506
// Refactor Telegram bot commands 1755958506
// Add binary search illustration 1755958506
// Update algorithm explanations 1755958506
// Fix incorrect step rendering 1755958506
// Improve sorting animations 1756044910
// Refactor Telegram bot commands 1756044910
// Add graph traversal examples 1756044910
// Refactor command parsing 1756044910
// Improve sorting animations 1756044910
// Refactor Telegram bot commands 1756044910
// Refactor Telegram bot commands 1756044910
// Improve sorting animations 1756131555
// Update algorithm explanations 1756131555
// Fix incorrect step rendering 1756131555
// Improve sorting animations 1756131555
// Refactor command parsing 1756131555
// Improve Dijkstra demo speed 1756156547
// Update algorithm explanations 1756156547
// Add new algorithm visualizations 1756156547
// Enhance algorithm quiz mode 1756156547
// Improve sorting animations 1756217850
// Add binary search illustration 1756217850
// Add graph traversal examples 1756304261
// Fix incorrect step rendering 1756304261
// Refactor command parsing 1756304261
// Improve sorting animations 1756304261
// Add new algorithm visualizations 1756304261
// Enhance algorithm quiz mode 1756304261
// Refactor Telegram bot commands 1756390699
// Enhance algorithm quiz mode 1756390699
// Improve sorting animations 1756390699
// Improve sorting animations 1756411352
// Improve sorting animations 1756411352
// Fix incorrect step rendering 1756411352
// Improve sorting animations 1756477004
// Refactor command parsing 1756477004
// Update algorithm explanations 1756477004
// Refactor Telegram bot commands 1756477004
// Add new algorithm visualizations 1756477004
// Update algorithm explanations 1756477004
// Improve sorting animations 1756477004
// Refactor Telegram bot commands 1756477004
// Enhance algorithm quiz mode 1756563250
// Add binary search illustration 1756563250
// Enhance algorithm quiz mode 1756563250
// Improve sorting animations 1756563250
// Improve Dijkstra demo speed 1756649673
// Update algorithm explanations 1756649673
// Improve sorting animations 1756649673
// Update algorithm explanations 1756649673
// Update algorithm explanations 1756649673
// Add graph traversal examples 1756687349
// Fix incorrect step rendering 1756687349
// Improve Dijkstra demo speed 1756736239
// Refactor Telegram bot commands 1756736239
// Update algorithm explanations 1756736239
// Refactor Telegram bot commands 1756736239
// Enhance algorithm quiz mode 1756736239
// Update algorithm explanations 1756736239
// Update algorithm explanations 1756736239
// Refactor Telegram bot commands 1756736239
// Add new algorithm visualizations 1756736239
// Add graph traversal examples 1756822675
// Enhance algorithm quiz mode 1756822675
// Refactor Telegram bot commands 1756822675
// Fix incorrect step rendering 1756822675
// Improve Dijkstra demo speed 1756822675
// Add graph traversal examples 1756822675
// Improve Dijkstra demo speed 1756822676
// Add binary search illustration 1756822676
// Update algorithm explanations 1756909073
// Add binary search illustration 1756909073
// Refactor command parsing 1756909073
// Refactor command parsing 1756909073
// Fix incorrect step rendering 1756909073
// Enhance algorithm quiz mode 1756909073
// Refactor command parsing 1756909073
// Improve sorting animations 1756995412
// Add new algorithm visualizations 1756995412
// Refactor Telegram bot commands 1756995412
// Improve sorting animations 1756995412
// Improve sorting animations 1756995412
// Add new algorithm visualizations 1756995412
// Refactor command parsing 1756995412
// Refactor Telegram bot commands 1756995412
// Fix incorrect step rendering 1756995412
// Improve Dijkstra demo speed 1757026444
// Improve sorting animations 1757026444
// Improve sorting animations 1757026444
// Add graph traversal examples 1757026444
// Fix incorrect step rendering 1757026444
// Improve sorting animations 1757026444
// Fix incorrect step rendering 1757026444
// Add graph traversal examples 1757026444
// Enhance algorithm quiz mode 1757026444
// Refactor Telegram bot commands 1757081772
// Fix incorrect step rendering 1757081772
// Refactor Telegram bot commands 1757081772
// Refactor Telegram bot commands 1757081772
// Fix incorrect step rendering 1757081772
// Add new algorithm visualizations 1757081772
// Add graph traversal examples 1757168026
// Refactor Telegram bot commands 1757168026
// Add binary search illustration 1757254429
// Add new algorithm visualizations 1757254429
// Refactor Telegram bot commands 1757254429
// Add new algorithm visualizations 1757254429
// Enhance algorithm quiz mode 1757254429
// Enhance algorithm quiz mode 1757254429
// Add binary search illustration 1757254429
// Add graph traversal examples 1757254429
// Update algorithm explanations 1757254429
// Add new algorithm visualizations 1757341112
// Enhance algorithm quiz mode 1757341112
// Enhance algorithm quiz mode 1757341112
// Update algorithm explanations 1757341112
// Update algorithm explanations 1757341112
// Refactor command parsing 1757341112
// Improve Dijkstra demo speed 1757427373
// Fix incorrect step rendering 1757427373
// Add graph traversal examples 1757427373
// Improve sorting animations 1757427373
// Update algorithm explanations 1757513784
// Improve Dijkstra demo speed 1757513784
// Add graph traversal examples 1757513784
// Add graph traversal examples 1757513784
// Add new algorithm visualizations 1757513784
// Refactor command parsing 1757600264
// Improve Dijkstra demo speed 1757600264
// Add binary search illustration 1757600264
// Improve sorting animations 1757686610
// Add graph traversal examples 1757686610
// Update algorithm explanations 1757686610
// Improve sorting animations 1757686610
// Enhance algorithm quiz mode 1757772786
// Fix incorrect step rendering 1757772786
// Refactor Telegram bot commands 1757772786
// Refactor Telegram bot commands 1757772786
// Add new algorithm visualizations 1757772786
// Enhance algorithm quiz mode 1757859237
// Add binary search illustration 1757859237
// Refactor Telegram bot commands 1757859237
// Refactor command parsing 1757859237
// Refactor command parsing 1757945896
// Enhance algorithm quiz mode 1757945896
// Refactor command parsing 1757945896
// Add binary search illustration 1758032282
// Add graph traversal examples 1758032282
// Add binary search illustration 1758032282
// Add graph traversal examples 1758032282
// Fix incorrect step rendering 1758032282
// Add binary search illustration 1758032282
// Improve sorting animations 1758118638
// Refactor Telegram bot commands 1758118638
// Refactor Telegram bot commands 1758118638
// Add binary search illustration 1758118638
// Add new algorithm visualizations 1758118638
// Refactor Telegram bot commands 1758118638
// Improve Dijkstra demo speed 1758118638
// Enhance algorithm quiz mode 1758118638
// Enhance algorithm quiz mode 1758118638
// Add graph traversal examples 1758129249
// Improve Dijkstra demo speed 1758129249
// Add new algorithm visualizations 1758129249
// Add binary search illustration 1758129249
// Fix incorrect step rendering 1758129249
// Improve Dijkstra demo speed 1758129249
// Add new algorithm visualizations 1758205070
// Refactor Telegram bot commands 1758205070
// Improve sorting animations 1758205070
// Refactor Telegram bot commands 1758205070
// Add graph traversal examples 1758205070
// Improve Dijkstra demo speed 1758205070
// Update algorithm explanations 1758205070
// Improve Dijkstra demo speed 1758205070
// Add binary search illustration 1758291420
// Refactor Telegram bot commands 1758291420
// Improve Dijkstra demo speed 1758377666
// Add new algorithm visualizations 1758377666
// Update algorithm explanations 1758377666
